<?xml version="1.0" encoding="UTF-8"?>
<testsuite name="es.uji.es.ei1048.weatherApp.integrationTest.TestPredictionFavouriteCities" tests="2" skipped="0" failures="0" errors="0" timestamp="2019-12-22T23:26:27" hostname="LAPTOP-6MQV1T7I" time="2.89">
  <properties/>
  <testcase name="predictionWeatherFromFavouritesCities" classname="es.uji.es.ei1048.weatherApp.integrationTest.TestPredictionFavouriteCities" time="2.889"/>
  <testcase name="predictionWeatherFromInexistentFavouritesCities" classname="es.uji.es.ei1048.weatherApp.integrationTest.TestPredictionFavouriteCities" time="0.001"/>
  <system-out><![CDATA[Valencia
Valencia
Valencia
Valencia
Valencia
Valencia
Valencia
Valencia
Valencia
Valencia
Valencia
Valencia
]]></system-out>
  <system-err><![CDATA[]]></system-err>
</testsuite>
